<?xml version="1.0" encoding="UTF-8"?>
<testng-results ignored="0" total="2" passed="2" failed="0" skipped="0">
  <reporter-output>
  </reporter-output>
  <suite started-at="2024-05-09T13:31:19 EDT" name="Default suite" finished-at="2024-05-09T13:31:24 EDT" duration-ms="4341">
    <groups>
    </groups>
    <test started-at="2024-05-09T13:31:19 EDT" name="Default test" finished-at="2024-05-09T13:31:24 EDT" duration-ms="4341">
      <class name="httprequests.TestOAuth2">
        <test-method signature="test0Auth()[pri:0, instance:httprequests.TestOAuth2@64cd705f]" started-at="2024-05-09T13:31:19 EDT" name="test0Auth" finished-at="2024-05-09T13:31:23 EDT" duration-ms="3912" status="PASS">
          <reporter-output>
          </reporter-output>
        </test-method> <!-- test0Auth -->
        <test-method signature="test0AuthwithToken()[pri:0, instance:httprequests.TestOAuth2@64cd705f]" started-at="2024-05-09T13:31:23 EDT" name="test0AuthwithToken" finished-at="2024-05-09T13:31:24 EDT" depends-on-methods="httprequests.TestOAuth2.test0Auth" duration-ms="350" status="PASS">
          <reporter-output>
          </reporter-output>
        </test-method> <!-- test0AuthwithToken -->
      </class> <!-- httprequests.TestOAuth2 -->
    </test> <!-- Default test -->
  </suite> <!-- Default suite -->
</testng-results>
